<?xml version="1.0" encoding="UTF-8"?>
<testng-results skipped="0" failed="0" total="9" passed="9">
  <reporter-output>
  </reporter-output>
  <suite name="Suite" duration-ms="36792" started-at="2018-08-08T07:10:53Z" finished-at="2018-08-08T07:11:30Z">
    <groups>
    </groups>
    <test name="ThirdTest" duration-ms="20801" started-at="2018-08-08T07:10:53Z" finished-at="2018-08-08T07:11:14Z">
      <class name="com.example.grid.FirstTest">
        <test-method status="PASS" signature="setupTest(java.lang.String)[pri:0, instance:com.example.grid.FirstTest@28feb3fa]" name="setupTest" is-config="true" duration-ms="9250" started-at="2018-08-08T12:40:53Z" finished-at="2018-08-08T12:41:03Z">
          <params>
            <param index="0">
              <value>
                <![CDATA[chrome]]>
              </value>
            </param>
          </params>
          <reporter-output>
          </reporter-output>
        </test-method> <!-- setupTest -->
        <test-method status="PASS" signature="setupTest(java.lang.String)[pri:0, instance:com.example.grid.FirstTest@28feb3fa]" name="setupTest" is-config="true" duration-ms="15860" started-at="2018-08-08T12:40:53Z" finished-at="2018-08-08T12:41:09Z">
          <params>
            <param index="0">
              <value>
                <![CDATA[chrome]]>
              </value>
            </param>
          </params>
          <reporter-output>
          </reporter-output>
        </test-method> <!-- setupTest -->
        <test-method status="PASS" signature="setupTest(java.lang.String)[pri:0, instance:com.example.grid.FirstTest@28feb3fa]" name="setupTest" is-config="true" duration-ms="8798" started-at="2018-08-08T12:40:53Z" finished-at="2018-08-08T12:41:02Z">
          <params>
            <param index="0">
              <value>
                <![CDATA[chrome]]>
              </value>
            </param>
          </params>
          <reporter-output>
          </reporter-output>
        </test-method> <!-- setupTest -->
        <test-method status="PASS" signature="GOOGLE1()[pri:0, instance:com.example.grid.FirstTest@28feb3fa]" name="GOOGLE1" duration-ms="3811" started-at="2018-08-08T12:41:02Z" finished-at="2018-08-08T12:41:06Z">
          <reporter-output>
          </reporter-output>
        </test-method> <!-- GOOGLE1 -->
        <test-method status="PASS" signature="GOOGLE3()[pri:0, instance:com.example.grid.FirstTest@28feb3fa]" name="GOOGLE3" duration-ms="4204" started-at="2018-08-08T12:41:03Z" finished-at="2018-08-08T12:41:07Z">
          <reporter-output>
          </reporter-output>
        </test-method> <!-- GOOGLE3 -->
        <test-method status="PASS" signature="tearDown()[pri:0, instance:com.example.grid.FirstTest@28feb3fa]" name="tearDown" is-config="true" duration-ms="383" started-at="2018-08-08T12:41:06Z" finished-at="2018-08-08T12:41:06Z">
          <reporter-output>
          </reporter-output>
        </test-method> <!-- tearDown -->
        <test-method status="PASS" signature="tearDown()[pri:0, instance:com.example.grid.FirstTest@28feb3fa]" name="tearDown" is-config="true" duration-ms="213" started-at="2018-08-08T12:41:07Z" finished-at="2018-08-08T12:41:07Z">
          <reporter-output>
          </reporter-output>
        </test-method> <!-- tearDown -->
        <test-method status="PASS" signature="GOOGLE2()[pri:0, instance:com.example.grid.FirstTest@28feb3fa]" name="GOOGLE2" duration-ms="4757" started-at="2018-08-08T12:41:09Z" finished-at="2018-08-08T12:41:14Z">
          <reporter-output>
          </reporter-output>
        </test-method> <!-- GOOGLE2 -->
        <test-method status="PASS" signature="tearDown()[pri:0, instance:com.example.grid.FirstTest@28feb3fa]" name="tearDown" is-config="true" duration-ms="161" started-at="2018-08-08T12:41:14Z" finished-at="2018-08-08T12:41:14Z">
          <reporter-output>
          </reporter-output>
        </test-method> <!-- tearDown -->
        <test-method status="PASS" signature="terminate()[pri:0, instance:com.example.grid.FirstTest@28feb3fa]" name="terminate" is-config="true" duration-ms="0" started-at="2018-08-08T12:41:14Z" finished-at="2018-08-08T12:41:14Z">
          <reporter-output>
          </reporter-output>
        </test-method> <!-- terminate -->
      </class> <!-- com.example.grid.FirstTest -->
    </test> <!-- ThirdTest -->
    <test name="FirstTest" duration-ms="21073" started-at="2018-08-08T07:10:53Z" finished-at="2018-08-08T07:11:14Z">
      <class name="com.example.grid.FirstTest">
        <test-method status="PASS" signature="setupTest(java.lang.String)[pri:0, instance:com.example.grid.FirstTest@402f32ff]" name="setupTest" is-config="true" duration-ms="4352" started-at="2018-08-08T12:40:53Z" finished-at="2018-08-08T12:40:58Z">
          <params>
            <param index="0">
              <value>
                <![CDATA[chrome]]>
              </value>
            </param>
          </params>
          <reporter-output>
          </reporter-output>
        </test-method> <!-- setupTest -->
        <test-method status="PASS" signature="setupTest(java.lang.String)[pri:0, instance:com.example.grid.FirstTest@402f32ff]" name="setupTest" is-config="true" duration-ms="16399" started-at="2018-08-08T12:40:53Z" finished-at="2018-08-08T12:41:10Z">
          <params>
            <param index="0">
              <value>
                <![CDATA[chrome]]>
              </value>
            </param>
          </params>
          <reporter-output>
          </reporter-output>
        </test-method> <!-- setupTest -->
        <test-method status="PASS" signature="setupTest(java.lang.String)[pri:0, instance:com.example.grid.FirstTest@402f32ff]" name="setupTest" is-config="true" duration-ms="4351" started-at="2018-08-08T12:40:53Z" finished-at="2018-08-08T12:40:58Z">
          <params>
            <param index="0">
              <value>
                <![CDATA[chrome]]>
              </value>
            </param>
          </params>
          <reporter-output>
          </reporter-output>
        </test-method> <!-- setupTest -->
        <test-method status="PASS" signature="GOOGLE2()[pri:0, instance:com.example.grid.FirstTest@402f32ff]" name="GOOGLE2" duration-ms="2182" started-at="2018-08-08T12:40:58Z" finished-at="2018-08-08T12:41:00Z">
          <reporter-output>
          </reporter-output>
        </test-method> <!-- GOOGLE2 -->
        <test-method status="PASS" signature="GOOGLE3()[pri:0, instance:com.example.grid.FirstTest@402f32ff]" name="GOOGLE3" duration-ms="3176" started-at="2018-08-08T12:40:58Z" finished-at="2018-08-08T12:41:01Z">
          <reporter-output>
          </reporter-output>
        </test-method> <!-- GOOGLE3 -->
        <test-method status="PASS" signature="tearDown()[pri:0, instance:com.example.grid.FirstTest@402f32ff]" name="tearDown" is-config="true" duration-ms="255" started-at="2018-08-08T12:41:00Z" finished-at="2018-08-08T12:41:00Z">
          <reporter-output>
          </reporter-output>
        </test-method> <!-- tearDown -->
        <test-method status="PASS" signature="tearDown()[pri:0, instance:com.example.grid.FirstTest@402f32ff]" name="tearDown" is-config="true" duration-ms="108" started-at="2018-08-08T12:41:01Z" finished-at="2018-08-08T12:41:01Z">
          <reporter-output>
          </reporter-output>
        </test-method> <!-- tearDown -->
        <test-method status="PASS" signature="GOOGLE1()[pri:0, instance:com.example.grid.FirstTest@402f32ff]" name="GOOGLE1" duration-ms="4563" started-at="2018-08-08T12:41:10Z" finished-at="2018-08-08T12:41:14Z">
          <reporter-output>
          </reporter-output>
        </test-method> <!-- GOOGLE1 -->
        <test-method status="PASS" signature="tearDown()[pri:0, instance:com.example.grid.FirstTest@402f32ff]" name="tearDown" is-config="true" duration-ms="88" started-at="2018-08-08T12:41:14Z" finished-at="2018-08-08T12:41:14Z">
          <reporter-output>
          </reporter-output>
        </test-method> <!-- tearDown -->
        <test-method status="PASS" signature="terminate()[pri:0, instance:com.example.grid.FirstTest@402f32ff]" name="terminate" is-config="true" duration-ms="0" started-at="2018-08-08T12:41:14Z" finished-at="2018-08-08T12:41:14Z">
          <reporter-output>
          </reporter-output>
        </test-method> <!-- terminate -->
      </class> <!-- com.example.grid.FirstTest -->
    </test> <!-- FirstTest -->
    <test name="SecondTest" duration-ms="36792" started-at="2018-08-08T07:10:53Z" finished-at="2018-08-08T07:11:30Z">
      <class name="com.example.grid.FirstTest">
        <test-method status="PASS" signature="setupTest(java.lang.String)[pri:0, instance:com.example.grid.FirstTest@1753acfe]" name="setupTest" is-config="true" duration-ms="14700" started-at="2018-08-08T12:40:53Z" finished-at="2018-08-08T12:41:08Z">
          <params>
            <param index="0">
              <value>
                <![CDATA[firefox]]>
              </value>
            </param>
          </params>
          <reporter-output>
          </reporter-output>
        </test-method> <!-- setupTest -->
        <test-method status="PASS" signature="setupTest(java.lang.String)[pri:0, instance:com.example.grid.FirstTest@1753acfe]" name="setupTest" is-config="true" duration-ms="25752" started-at="2018-08-08T12:40:53Z" finished-at="2018-08-08T12:41:19Z">
          <params>
            <param index="0">
              <value>
                <![CDATA[firefox]]>
              </value>
            </param>
          </params>
          <reporter-output>
          </reporter-output>
        </test-method> <!-- setupTest -->
        <test-method status="PASS" signature="setupTest(java.lang.String)[pri:0, instance:com.example.grid.FirstTest@1753acfe]" name="setupTest" is-config="true" duration-ms="33299" started-at="2018-08-08T12:40:53Z" finished-at="2018-08-08T12:41:27Z">
          <params>
            <param index="0">
              <value>
                <![CDATA[firefox]]>
              </value>
            </param>
          </params>
          <reporter-output>
          </reporter-output>
        </test-method> <!-- setupTest -->
        <test-method status="PASS" signature="GOOGLE2()[pri:0, instance:com.example.grid.FirstTest@1753acfe]" name="GOOGLE2" duration-ms="6064" started-at="2018-08-08T12:41:08Z" finished-at="2018-08-08T12:41:14Z">
          <reporter-output>
          </reporter-output>
        </test-method> <!-- GOOGLE2 -->
        <test-method status="PASS" signature="tearDown()[pri:0, instance:com.example.grid.FirstTest@1753acfe]" name="tearDown" is-config="true" duration-ms="622" started-at="2018-08-08T12:41:14Z" finished-at="2018-08-08T12:41:15Z">
          <reporter-output>
          </reporter-output>
        </test-method> <!-- tearDown -->
        <test-method status="PASS" signature="GOOGLE1()[pri:0, instance:com.example.grid.FirstTest@1753acfe]" name="GOOGLE1" duration-ms="3249" started-at="2018-08-08T12:41:19Z" finished-at="2018-08-08T12:41:22Z">
          <reporter-output>
          </reporter-output>
        </test-method> <!-- GOOGLE1 -->
        <test-method status="PASS" signature="tearDown()[pri:0, instance:com.example.grid.FirstTest@1753acfe]" name="tearDown" is-config="true" duration-ms="530" started-at="2018-08-08T12:41:22Z" finished-at="2018-08-08T12:41:23Z">
          <reporter-output>
          </reporter-output>
        </test-method> <!-- tearDown -->
        <test-method status="PASS" signature="GOOGLE3()[pri:0, instance:com.example.grid.FirstTest@1753acfe]" name="GOOGLE3" duration-ms="2962" started-at="2018-08-08T12:41:27Z" finished-at="2018-08-08T12:41:30Z">
          <reporter-output>
          </reporter-output>
        </test-method> <!-- GOOGLE3 -->
        <test-method status="PASS" signature="tearDown()[pri:0, instance:com.example.grid.FirstTest@1753acfe]" name="tearDown" is-config="true" duration-ms="506" started-at="2018-08-08T12:41:30Z" finished-at="2018-08-08T12:41:30Z">
          <reporter-output>
          </reporter-output>
        </test-method> <!-- tearDown -->
        <test-method status="PASS" signature="terminate()[pri:0, instance:com.example.grid.FirstTest@1753acfe]" name="terminate" is-config="true" duration-ms="0" started-at="2018-08-08T12:41:30Z" finished-at="2018-08-08T12:41:30Z">
          <reporter-output>
          </reporter-output>
        </test-method> <!-- terminate -->
      </class> <!-- com.example.grid.FirstTest -->
    </test> <!-- SecondTest -->
  </suite> <!-- Suite -->
</testng-results>
