<?xml version="1.0" encoding="UTF-8"?>
<testng-results skipped="0" failed="0" total="9" passed="9">
  <reporter-output>
  </reporter-output>
  <suite name="Suite" duration-ms="29661" started-at="2018-08-07T05:51:08Z" finished-at="2018-08-07T05:51:37Z">
    <groups>
    </groups>
    <test name="ThirdTest" duration-ms="16924" started-at="2018-08-07T05:51:08Z" finished-at="2018-08-07T05:51:25Z">
      <class name="com.example.grid.FirstTest">
        <test-method status="PASS" signature="setupTest(java.lang.String)[pri:0, instance:com.example.grid.FirstTest@7dc7cbad]" name="setupTest" is-config="true" duration-ms="14529" started-at="2018-08-07T11:21:08Z" finished-at="2018-08-07T11:21:22Z">
          <params>
            <param index="0">
              <value>
                <![CDATA[chrome]]>
              </value>
            </param>
          </params>
          <reporter-output>
          </reporter-output>
        </test-method> <!-- setupTest -->
        <test-method status="PASS" signature="setupTest(java.lang.String)[pri:0, instance:com.example.grid.FirstTest@7dc7cbad]" name="setupTest" is-config="true" duration-ms="8702" started-at="2018-08-07T11:21:08Z" finished-at="2018-08-07T11:21:16Z">
          <params>
            <param index="0">
              <value>
                <![CDATA[chrome]]>
              </value>
            </param>
          </params>
          <reporter-output>
          </reporter-output>
        </test-method> <!-- setupTest -->
        <test-method status="PASS" signature="setupTest(java.lang.String)[pri:0, instance:com.example.grid.FirstTest@7dc7cbad]" name="setupTest" is-config="true" duration-ms="3820" started-at="2018-08-07T11:21:08Z" finished-at="2018-08-07T11:21:11Z">
          <params>
            <param index="0">
              <value>
                <![CDATA[chrome]]>
              </value>
            </param>
          </params>
          <reporter-output>
          </reporter-output>
        </test-method> <!-- setupTest -->
        <test-method status="PASS" signature="GOOGLE1()[pri:0, instance:com.example.grid.FirstTest@7dc7cbad]" name="GOOGLE1" duration-ms="3026" started-at="2018-08-07T11:21:11Z" finished-at="2018-08-07T11:21:14Z">
          <reporter-output>
          </reporter-output>
        </test-method> <!-- GOOGLE1 -->
        <test-method status="PASS" signature="tearDown()[pri:0, instance:com.example.grid.FirstTest@7dc7cbad]" name="tearDown" is-config="true" duration-ms="163" started-at="2018-08-07T11:21:14Z" finished-at="2018-08-07T11:21:15Z">
          <reporter-output>
          </reporter-output>
        </test-method> <!-- tearDown -->
        <test-method status="PASS" signature="GOOGLE3()[pri:0, instance:com.example.grid.FirstTest@7dc7cbad]" name="GOOGLE3" duration-ms="3379" started-at="2018-08-07T11:21:16Z" finished-at="2018-08-07T11:21:20Z">
          <reporter-output>
          </reporter-output>
        </test-method> <!-- GOOGLE3 -->
        <test-method status="PASS" signature="tearDown()[pri:0, instance:com.example.grid.FirstTest@7dc7cbad]" name="tearDown" is-config="true" duration-ms="203" started-at="2018-08-07T11:21:20Z" finished-at="2018-08-07T11:21:20Z">
          <reporter-output>
          </reporter-output>
        </test-method> <!-- tearDown -->
        <test-method status="PASS" signature="GOOGLE2()[pri:0, instance:com.example.grid.FirstTest@7dc7cbad]" name="GOOGLE2" duration-ms="2177" started-at="2018-08-07T11:21:22Z" finished-at="2018-08-07T11:21:24Z">
          <reporter-output>
          </reporter-output>
        </test-method> <!-- GOOGLE2 -->
        <test-method status="PASS" signature="tearDown()[pri:0, instance:com.example.grid.FirstTest@7dc7cbad]" name="tearDown" is-config="true" duration-ms="184" started-at="2018-08-07T11:21:24Z" finished-at="2018-08-07T11:21:25Z">
          <reporter-output>
          </reporter-output>
        </test-method> <!-- tearDown -->
        <test-method status="PASS" signature="terminate()[pri:0, instance:com.example.grid.FirstTest@7dc7cbad]" name="terminate" is-config="true" duration-ms="0" started-at="2018-08-07T11:21:25Z" finished-at="2018-08-07T11:21:25Z">
          <reporter-output>
          </reporter-output>
        </test-method> <!-- terminate -->
      </class> <!-- com.example.grid.FirstTest -->
    </test> <!-- ThirdTest -->
    <test name="FirstTest" duration-ms="17030" started-at="2018-08-07T05:51:08Z" finished-at="2018-08-07T05:51:25Z">
      <class name="com.example.grid.FirstTest">
        <test-method status="PASS" signature="setupTest(java.lang.String)[pri:0, instance:com.example.grid.FirstTest@6a024a67]" name="setupTest" is-config="true" duration-ms="8665" started-at="2018-08-07T11:21:08Z" finished-at="2018-08-07T11:21:16Z">
          <params>
            <param index="0">
              <value>
                <![CDATA[chrome]]>
              </value>
            </param>
          </params>
          <reporter-output>
          </reporter-output>
        </test-method> <!-- setupTest -->
        <test-method status="PASS" signature="setupTest(java.lang.String)[pri:0, instance:com.example.grid.FirstTest@6a024a67]" name="setupTest" is-config="true" duration-ms="14845" started-at="2018-08-07T11:21:08Z" finished-at="2018-08-07T11:21:22Z">
          <params>
            <param index="0">
              <value>
                <![CDATA[chrome]]>
              </value>
            </param>
          </params>
          <reporter-output>
          </reporter-output>
        </test-method> <!-- setupTest -->
        <test-method status="PASS" signature="setupTest(java.lang.String)[pri:0, instance:com.example.grid.FirstTest@6a024a67]" name="setupTest" is-config="true" duration-ms="3876" started-at="2018-08-07T11:21:08Z" finished-at="2018-08-07T11:21:12Z">
          <params>
            <param index="0">
              <value>
                <![CDATA[chrome]]>
              </value>
            </param>
          </params>
          <reporter-output>
          </reporter-output>
        </test-method> <!-- setupTest -->
        <test-method status="PASS" signature="GOOGLE1()[pri:0, instance:com.example.grid.FirstTest@6a024a67]" name="GOOGLE1" duration-ms="3078" started-at="2018-08-07T11:21:12Z" finished-at="2018-08-07T11:21:15Z">
          <reporter-output>
          </reporter-output>
        </test-method> <!-- GOOGLE1 -->
        <test-method status="PASS" signature="tearDown()[pri:0, instance:com.example.grid.FirstTest@6a024a67]" name="tearDown" is-config="true" duration-ms="95" started-at="2018-08-07T11:21:15Z" finished-at="2018-08-07T11:21:15Z">
          <reporter-output>
          </reporter-output>
        </test-method> <!-- tearDown -->
        <test-method status="PASS" signature="GOOGLE3()[pri:0, instance:com.example.grid.FirstTest@6a024a67]" name="GOOGLE3" duration-ms="3963" started-at="2018-08-07T11:21:16Z" finished-at="2018-08-07T11:21:20Z">
          <reporter-output>
          </reporter-output>
        </test-method> <!-- GOOGLE3 -->
        <test-method status="PASS" signature="tearDown()[pri:0, instance:com.example.grid.FirstTest@6a024a67]" name="tearDown" is-config="true" duration-ms="221" started-at="2018-08-07T11:21:20Z" finished-at="2018-08-07T11:21:20Z">
          <reporter-output>
          </reporter-output>
        </test-method> <!-- tearDown -->
        <test-method status="PASS" signature="GOOGLE2()[pri:0, instance:com.example.grid.FirstTest@6a024a67]" name="GOOGLE2" duration-ms="2021" started-at="2018-08-07T11:21:22Z" finished-at="2018-08-07T11:21:24Z">
          <reporter-output>
          </reporter-output>
        </test-method> <!-- GOOGLE2 -->
        <test-method status="PASS" signature="tearDown()[pri:0, instance:com.example.grid.FirstTest@6a024a67]" name="tearDown" is-config="true" duration-ms="130" started-at="2018-08-07T11:21:24Z" finished-at="2018-08-07T11:21:25Z">
          <reporter-output>
          </reporter-output>
        </test-method> <!-- tearDown -->
        <test-method status="PASS" signature="terminate()[pri:0, instance:com.example.grid.FirstTest@6a024a67]" name="terminate" is-config="true" duration-ms="0" started-at="2018-08-07T11:21:25Z" finished-at="2018-08-07T11:21:25Z">
          <reporter-output>
          </reporter-output>
        </test-method> <!-- terminate -->
      </class> <!-- com.example.grid.FirstTest -->
    </test> <!-- FirstTest -->
    <test name="SecondTest" duration-ms="29659" started-at="2018-08-07T05:51:08Z" finished-at="2018-08-07T05:51:37Z">
      <class name="com.example.grid.FirstTest">
        <test-method status="PASS" signature="setupTest(java.lang.String)[pri:0, instance:com.example.grid.FirstTest@9629756]" name="setupTest" is-config="true" duration-ms="27104" started-at="2018-08-07T11:21:08Z" finished-at="2018-08-07T11:21:35Z">
          <params>
            <param index="0">
              <value>
                <![CDATA[firefox]]>
              </value>
            </param>
          </params>
          <reporter-output>
          </reporter-output>
        </test-method> <!-- setupTest -->
        <test-method status="PASS" signature="setupTest(java.lang.String)[pri:0, instance:com.example.grid.FirstTest@9629756]" name="setupTest" is-config="true" duration-ms="20143" started-at="2018-08-07T11:21:08Z" finished-at="2018-08-07T11:21:28Z">
          <params>
            <param index="0">
              <value>
                <![CDATA[firefox]]>
              </value>
            </param>
          </params>
          <reporter-output>
          </reporter-output>
        </test-method> <!-- setupTest -->
        <test-method status="PASS" signature="setupTest(java.lang.String)[pri:0, instance:com.example.grid.FirstTest@9629756]" name="setupTest" is-config="true" duration-ms="8176" started-at="2018-08-07T11:21:08Z" finished-at="2018-08-07T11:21:16Z">
          <params>
            <param index="0">
              <value>
                <![CDATA[firefox]]>
              </value>
            </param>
          </params>
          <reporter-output>
          </reporter-output>
        </test-method> <!-- setupTest -->
        <test-method status="PASS" signature="GOOGLE3()[pri:0, instance:com.example.grid.FirstTest@9629756]" name="GOOGLE3" duration-ms="4639" started-at="2018-08-07T11:21:16Z" finished-at="2018-08-07T11:21:20Z">
          <reporter-output>
          </reporter-output>
        </test-method> <!-- GOOGLE3 -->
        <test-method status="PASS" signature="tearDown()[pri:0, instance:com.example.grid.FirstTest@9629756]" name="tearDown" is-config="true" duration-ms="707" started-at="2018-08-07T11:21:20Z" finished-at="2018-08-07T11:21:21Z">
          <reporter-output>
          </reporter-output>
        </test-method> <!-- tearDown -->
        <test-method status="PASS" signature="GOOGLE2()[pri:0, instance:com.example.grid.FirstTest@9629756]" name="GOOGLE2" duration-ms="2432" started-at="2018-08-07T11:21:28Z" finished-at="2018-08-07T11:21:30Z">
          <reporter-output>
          </reporter-output>
        </test-method> <!-- GOOGLE2 -->
        <test-method status="PASS" signature="tearDown()[pri:0, instance:com.example.grid.FirstTest@9629756]" name="tearDown" is-config="true" duration-ms="403" started-at="2018-08-07T11:21:30Z" finished-at="2018-08-07T11:21:31Z">
          <reporter-output>
          </reporter-output>
        </test-method> <!-- tearDown -->
        <test-method status="PASS" signature="GOOGLE1()[pri:0, instance:com.example.grid.FirstTest@9629756]" name="GOOGLE1" duration-ms="2141" started-at="2018-08-07T11:21:35Z" finished-at="2018-08-07T11:21:37Z">
          <reporter-output>
          </reporter-output>
        </test-method> <!-- GOOGLE1 -->
        <test-method status="PASS" signature="tearDown()[pri:0, instance:com.example.grid.FirstTest@9629756]" name="tearDown" is-config="true" duration-ms="383" started-at="2018-08-07T11:21:37Z" finished-at="2018-08-07T11:21:37Z">
          <reporter-output>
          </reporter-output>
        </test-method> <!-- tearDown -->
        <test-method status="PASS" signature="terminate()[pri:0, instance:com.example.grid.FirstTest@9629756]" name="terminate" is-config="true" duration-ms="0" started-at="2018-08-07T11:21:37Z" finished-at="2018-08-07T11:21:37Z">
          <reporter-output>
          </reporter-output>
        </test-method> <!-- terminate -->
      </class> <!-- com.example.grid.FirstTest -->
    </test> <!-- SecondTest -->
  </suite> <!-- Suite -->
</testng-results>
