<?xml version="1.0" encoding="UTF-8"?>
<testsuite xmlns:xsi="http://www.w3.org/2001/XMLSchema-instance" xsi:noNamespaceSchemaLocation="https://maven.apache.org/surefire/maven-surefire-plugin/xsd/surefire-test-report.xsd" name="TestSuite" time="38.977" tests="9" errors="0" skipped="0" failures="0">
  <properties>
[...]
</properties>
  <testcase name="GOOGLE2" classname="com.example.grid.FirstTest" time="2.185"/>
  <testcase name="GOOGLE2" classname="com.example.grid.FirstTest" time="4.207"/>
  <testcase name="GOOGLE2" classname="com.example.grid.FirstTest" time="4.355"/>
  <testcase name="GOOGLE3" classname="com.example.grid.FirstTest" time="3.178"/>
  <testcase name="GOOGLE3" classname="com.example.grid.FirstTest" time="4.207"/>
  <testcase name="GOOGLE3" classname="com.example.grid.FirstTest" time="2.955"/>
  <testcase name="GOOGLE1" classname="com.example.grid.FirstTest" time="3.371"/>
  <testcase name="GOOGLE1" classname="com.example.grid.FirstTest" time="4.548"/>
  <testcase name="GOOGLE1" classname="com.example.grid.FirstTest" time="3.262"/>
</testsuite>