<?xml version="1.0" encoding="UTF-8"?>
<!-- Generated by org.testng.reporters.JUnitXMLReporter -->
<testsuite hostname="SP02-LPT-0001" name="FirstTest" tests="3" failures="0" timestamp="3 Aug 2018 11:09:29 GMT" time="26.778" errors="0">
  <testcase name="GOOGLE1" time="6.478" classname="com.example.grid.FirstTest"/>
  <testcase name="GOOGLE2" time="7.721" classname="com.example.grid.FirstTest"/>
  <testcase name="GOOGLE3" time="5.651" classname="com.example.grid.FirstTest"/>
</testsuite> <!-- FirstTest -->
