<?xml version="1.0" encoding="UTF-8"?>
<!-- Generated by org.testng.reporters.JUnitXMLReporter -->
<testsuite hostname="SP02-LPT-0001" name="OtherTest" tests="3" failures="0" timestamp="3 Aug 2018 07:05:54 GMT" time="31.963" errors="0">
  <testcase name="GOOGLE2" time="3.69" classname="com.example.grid.FirstTest"/>
  <testcase name="GOOGLE3" time="2.391" classname="com.example.grid.FirstTest"/>
  <testcase name="GOOGLE1" time="2.58" classname="com.example.grid.FirstTest"/>
</testsuite> <!-- OtherTest -->
