<?xml version="1.0" encoding="UTF-8"?>
<!-- Generated by org.testng.reporters.JUnitXMLReporter -->
<testsuite hostname="SP02-LPT-0001" name="SecondTest" tests="3" failures="0" timestamp="3 Aug 2018 11:09:45 GMT" time="42.809" errors="0">
  <testcase name="GOOGLE3" time="3.987" classname="com.example.grid.FirstTest"/>
  <testcase name="GOOGLE2" time="9.102" classname="com.example.grid.FirstTest"/>
  <testcase name="GOOGLE1" time="9.287" classname="com.example.grid.FirstTest"/>
</testsuite> <!-- SecondTest -->
