<?xml version="1.0" encoding="UTF-8"?>
<!-- Generated by org.testng.reporters.JUnitXMLReporter -->
<testsuite hostname="SP02-LPT-0001" name="ThirdTest" tests="3" failures="0" timestamp="3 Aug 2018 11:09:31 GMT" time="28.561" errors="0">
  <testcase name="GOOGLE3" time="4.491" classname="com.example.grid.FirstTest"/>
  <testcase name="GOOGLE2" time="6.518" classname="com.example.grid.FirstTest"/>
  <testcase name="GOOGLE1" time="7.612" classname="com.example.grid.FirstTest"/>
</testsuite> <!-- ThirdTest -->
