<?xml version="1.0" encoding="UTF-8"?>
<testng-results skipped="0" failed="0" total="1" passed="1">
  <reporter-output>
  </reporter-output>
  <suite name="Default suite" duration-ms="5575" started-at="2018-08-03T11:29:59Z" finished-at="2018-08-03T11:30:05Z">
    <groups>
    </groups>
    <test name="Default test" duration-ms="5575" started-at="2018-08-03T11:29:59Z" finished-at="2018-08-03T11:30:05Z">
      <class name="com.example.grid.DBCon">
        <test-method status="PASS" signature="f()[pri:0, instance:com.example.grid.DBCon@5e3a8624]" name="f" duration-ms="5544" started-at="2018-08-03T16:59:59Z" finished-at="2018-08-03T17:00:05Z">
          <reporter-output>
          </reporter-output>
        </test-method> <!-- f -->
      </class> <!-- com.example.grid.DBCon -->
    </test> <!-- Default test -->
  </suite> <!-- Default suite -->
</testng-results>
