<?xml version="1.0" encoding="UTF-8"?>
<testng-results skipped="0" failed="0" total="1" passed="1">
  <reporter-output>
  </reporter-output>
  <suite name="Suite" duration-ms="31" started-at="2018-05-07T10:34:03Z" finished-at="2018-05-07T10:34:03Z">
    <groups>
    </groups>
    <test name="Test" duration-ms="31" started-at="2018-05-07T10:34:03Z" finished-at="2018-05-07T10:34:03Z">
      <class name="qaeg.QAT2">
        <test-method status="PASS" signature="test()[pri:0, instance:qaeg.QAT2@5419f379]" name="test" duration-ms="16" started-at="2018-05-07T16:04:03Z" finished-at="2018-05-07T16:04:03Z">
          <reporter-output>
          </reporter-output>
        </test-method> <!-- test -->
      </class> <!-- qaeg.QAT2 -->
    </test> <!-- Test -->
  </suite> <!-- Suite -->
</testng-results>
