<?xml version="1.0" encoding="UTF-8"?>
<!-- Generated by org.testng.reporters.JUnitXMLReporter -->
<testsuite hostname="SP02-LPT-0001" name="FirstTest" tests="3" failures="0" timestamp="7 Aug 2018 05:51:25 GMT" time="17.03" errors="0">
  <testcase name="GOOGLE1" time="3.078" classname="com.example.grid.FirstTest"/>
  <testcase name="GOOGLE3" time="3.963" classname="com.example.grid.FirstTest"/>
  <testcase name="GOOGLE2" time="2.021" classname="com.example.grid.FirstTest"/>
</testsuite> <!-- FirstTest -->
