<?xml version="1.0" encoding="UTF-8"?>
<!-- Generated by org.testng.reporters.JUnitXMLReporter -->
<testsuite hostname="SP02-LPT-0001" name="FirstTest" tests="3" failures="0" timestamp="8 Aug 2018 07:11:14 GMT" time="21.073" errors="0">
  <testcase name="GOOGLE2" time="2.182" classname="com.example.grid.FirstTest"/>
  <testcase name="GOOGLE3" time="3.176" classname="com.example.grid.FirstTest"/>
  <testcase name="GOOGLE1" time="4.563" classname="com.example.grid.FirstTest"/>
</testsuite> <!-- FirstTest -->
