<?xml version="1.0" encoding="UTF-8"?>
<!-- Generated by org.testng.reporters.JUnitXMLReporter -->
<testsuite hostname="SP02-LPT-0001" name="SecondTest" tests="3" failures="0" timestamp="7 Aug 2018 05:51:37 GMT" time="29.659" errors="0">
  <testcase name="GOOGLE3" time="4.639" classname="com.example.grid.FirstTest"/>
  <testcase name="GOOGLE2" time="2.432" classname="com.example.grid.FirstTest"/>
  <testcase name="GOOGLE1" time="2.141" classname="com.example.grid.FirstTest"/>
</testsuite> <!-- SecondTest -->
