<?xml version="1.0" encoding="UTF-8"?>
<!-- Generated by org.testng.reporters.JUnitXMLReporter -->
<testsuite hostname="SP02-LPT-0001" name="SecondTest" tests="3" failures="0" timestamp="8 Aug 2018 07:11:30 GMT" time="36.792" errors="0">
  <testcase name="GOOGLE2" time="6.064" classname="com.example.grid.FirstTest"/>
  <testcase name="GOOGLE1" time="3.249" classname="com.example.grid.FirstTest"/>
  <testcase name="GOOGLE3" time="2.962" classname="com.example.grid.FirstTest"/>
</testsuite> <!-- SecondTest -->
