<?xml version="1.0" encoding="UTF-8"?>
<!-- Generated by org.testng.reporters.JUnitXMLReporter -->
<testsuite hostname="SP02-LPT-0001" name="ThirdTest" tests="3" failures="0" timestamp="7 Aug 2018 05:51:25 GMT" time="16.924" errors="0">
  <testcase name="GOOGLE1" time="3.026" classname="com.example.grid.FirstTest"/>
  <testcase name="GOOGLE3" time="3.379" classname="com.example.grid.FirstTest"/>
  <testcase name="GOOGLE2" time="2.177" classname="com.example.grid.FirstTest"/>
</testsuite> <!-- ThirdTest -->
